<?xml version="1.0" encoding="UTF-8"?>
<testng-results ignored="0" total="1" passed="1" failed="0" skipped="0">
  <reporter-output>
  </reporter-output>
  <suite started-at="2025-01-23T20:45:26 IST" name="TestSuite" finished-at="2025-01-23T20:46:20 IST" duration-ms="54142">
    <groups>
    </groups>
    <test started-at="2025-01-23T20:45:26 IST" name="Test" finished-at="2025-01-23T20:46:20 IST" duration-ms="54142">
      <class name="jenkinsci.FirstCI">
        <test-method is-config="true" signature="beforeClass()[pri:0, instance:jenkinsci.FirstCI@1aafa419]" started-at="2025-01-23T20:45:26 IST" name="beforeClass" finished-at="2025-01-23T20:45:28 IST" duration-ms="2553" status="PASS">
          <reporter-output>
          </reporter-output>
        </test-method> <!-- beforeClass -->
        <test-method signature="openMyBlog()[pri:0, instance:jenkinsci.FirstCI@1aafa419]" started-at="2025-01-23T20:45:28 IST" name="openMyBlog" finished-at="2025-01-23T20:46:19 IST" duration-ms="51073" status="PASS">
          <reporter-output>
          </reporter-output>
        </test-method> <!-- openMyBlog -->
        <test-method is-config="true" signature="afterClass()[pri:0, instance:jenkinsci.FirstCI@1aafa419]" started-at="2025-01-23T20:46:19 IST" name="afterClass" finished-at="2025-01-23T20:46:20 IST" duration-ms="441" status="PASS">
          <reporter-output>
          </reporter-output>
        </test-method> <!-- afterClass -->
      </class> <!-- jenkinsci.FirstCI -->
    </test> <!-- Test -->
  </suite> <!-- TestSuite -->
</testng-results>
