<?xml version="1.0" encoding="UTF-8"?>
<testng-results ignored="0" total="1" passed="1" failed="0" skipped="0">
  <reporter-output>
  </reporter-output>
  <suite started-at="2025-01-20T21:59:40 IST" name="Suite" finished-at="2025-01-20T21:59:50 IST" duration-ms="9579">
    <groups>
    </groups>
    <test started-at="2025-01-20T21:59:40 IST" name="Test" finished-at="2025-01-20T21:59:50 IST" duration-ms="9579">
      <class name="com.test.ci.FirstCI">
        <test-method is-config="true" signature="beforeClass()[pri:0, instance:com.test.ci.FirstCI@5b03b9fe]" started-at="2025-01-20T21:59:40 IST" name="beforeClass" finished-at="2025-01-20T21:59:47 IST" duration-ms="6956" status="PASS">
          <reporter-output>
          </reporter-output>
        </test-method> <!-- beforeClass -->
        <test-method signature="openMyBlog()[pri:0, instance:com.test.ci.FirstCI@5b03b9fe]" started-at="2025-01-20T21:59:47 IST" name="openMyBlog" finished-at="2025-01-20T21:59:50 IST" duration-ms="2323" status="PASS">
          <reporter-output>
          </reporter-output>
        </test-method> <!-- openMyBlog -->
        <test-method is-config="true" signature="afterClass()[pri:0, instance:com.test.ci.FirstCI@5b03b9fe]" started-at="2025-01-20T21:59:50 IST" name="afterClass" finished-at="2025-01-20T21:59:50 IST" duration-ms="246" status="PASS">
          <reporter-output>
          </reporter-output>
        </test-method> <!-- afterClass -->
      </class> <!-- com.test.ci.FirstCI -->
    </test> <!-- Test -->
  </suite> <!-- Suite -->
</testng-results>
